<?xml version="1.0" encoding="UTF-8"?>
<testng-results total="2" passed="2" failed="0" skipped="0">
  <reporter-output>
  </reporter-output>
  <suite started-at="2025-03-01T02:22:23Z" name="test.com.itxps.CalculatorTest" finished-at="2025-03-01T02:22:23Z" duration-ms="12">
    <groups>
    </groups>
    <test started-at="2025-03-01T02:22:23Z" name="Command line test" finished-at="2025-03-01T02:22:23Z" duration-ms="12">
      <class name="test.com.itxps.CalculatorTest">
        <test-method is-config="true" signature="setUpClass()[pri:0, instance:test.com.itxps.CalculatorTest@7a765367]" started-at="2025-02-28T20:22:23Z" name="setUpClass" finished-at="2025-02-28T20:22:23Z" duration-ms="5" status="PASS">
          <reporter-output>
          </reporter-output>
        </test-method> <!-- setUpClass -->
        <test-method is-config="true" signature="setUpMethod()[pri:0, instance:test.com.itxps.CalculatorTest@7a765367]" started-at="2025-02-28T20:22:23Z" name="setUpMethod" finished-at="2025-02-28T20:22:23Z" duration-ms="1" status="PASS">
          <reporter-output>
          </reporter-output>
        </test-method> <!-- setUpMethod -->
        <test-method signature="testAdd()[pri:0, instance:test.com.itxps.CalculatorTest@7a765367]" started-at="2025-02-28T20:22:23Z" name="testAdd" finished-at="2025-02-28T20:22:23Z" duration-ms="2" status="PASS">
          <reporter-output>
          </reporter-output>
        </test-method> <!-- testAdd -->
        <test-method is-config="true" signature="setUpMethod()[pri:0, instance:test.com.itxps.CalculatorTest@7a765367]" started-at="2025-02-28T20:22:23Z" name="setUpMethod" finished-at="2025-02-28T20:22:23Z" duration-ms="0" status="PASS">
          <reporter-output>
          </reporter-output>
        </test-method> <!-- setUpMethod -->
        <test-method signature="testMul()[pri:0, instance:test.com.itxps.CalculatorTest@7a765367]" started-at="2025-02-28T20:22:23Z" name="testMul" finished-at="2025-02-28T20:22:23Z" duration-ms="0" status="PASS">
          <reporter-output>
          </reporter-output>
        </test-method> <!-- testMul -->
        <test-method is-config="true" signature="tearDownClass()[pri:0, instance:test.com.itxps.CalculatorTest@7a765367]" started-at="2025-02-28T20:22:23Z" name="tearDownClass" finished-at="2025-02-28T20:22:23Z" duration-ms="0" status="PASS">
          <reporter-output>
          </reporter-output>
        </test-method> <!-- tearDownClass -->
        <test-method is-config="true" signature="tearDownMethod()[pri:0, instance:test.com.itxps.CalculatorTest@7a765367]" started-at="2025-02-28T20:22:23Z" name="tearDownMethod" finished-at="2025-02-28T20:22:23Z" duration-ms="0" status="PASS">
          <reporter-output>
          </reporter-output>
        </test-method> <!-- tearDownMethod -->
        <test-method is-config="true" signature="tearDownMethod()[pri:0, instance:test.com.itxps.CalculatorTest@7a765367]" started-at="2025-02-28T20:22:23Z" name="tearDownMethod" finished-at="2025-02-28T20:22:23Z" duration-ms="0" status="PASS">
          <reporter-output>
          </reporter-output>
        </test-method> <!-- tearDownMethod -->
      </class> <!-- test.com.itxps.CalculatorTest -->
    </test> <!-- Command line test -->
  </suite> <!-- test.com.itxps.CalculatorTest -->
</testng-results>
